{"C:\\Users\\arafe\\Desktop\\health-endpoint-project\\src\\app.js": {"path":"C:\\Users\\arafe\\Desktop\\health-endpoint-project\\src\\app.js","statementMap":{"0":{"start":{"line":1,"column":16},"end":{"line":1,"column":34}},"1":{"start":{"line":2,"column":21},"end":{"line":2,"column":47}},"2":{"start":{"line":4,"column":12},"end":{"line":4,"column":21}},"3":{"start":{"line":5,"column":0},"end":{"line":5,"column":24}},"4":{"start":{"line":8,"column":0},"end":{"line":13,"column":3}},"5":{"start":{"line":9,"column":2},"end":{"line":9,"column":49}},"6":{"start":{"line":10,"column":2},"end":{"line":10,"column":71}},"7":{"start":{"line":11,"column":2},"end":{"line":11,"column":76}},"8":{"start":{"line":12,"column":2},"end":{"line":12,"column":9}},"9":{"start":{"line":16,"column":0},"end":{"line":16,"column":27}},"10":{"start":{"line":19,"column":0},"end":{"line":26,"column":3}},"11":{"start":{"line":20,"column":2},"end":{"line":25,"column":5}},"12":{"start":{"line":29,"column":13},"end":{"line":29,"column":37}},"13":{"start":{"line":31,"column":0},"end":{"line":36,"column":1}},"14":{"start":{"line":32,"column":2},"end":{"line":35,"column":5}},"15":{"start":{"line":33,"column":4},"end":{"line":33,"column":59}},"16":{"start":{"line":34,"column":4},"end":{"line":34,"column":82}},"17":{"start":{"line":38,"column":0},"end":{"line":38,"column":21}}},"fnMap":{"0":{"name":"(anonymous_0)","decl":{"start":{"line":8,"column":8},"end":{"line":8,"column":9}},"loc":{"start":{"line":8,"column":28},"end":{"line":13,"column":1}},"line":8},"1":{"name":"(anonymous_1)","decl":{"start":{"line":19,"column":13},"end":{"line":19,"column":14}},"loc":{"start":{"line":19,"column":27},"end":{"line":26,"column":1}},"line":19},"2":{"name":"(anonymous_2)","decl":{"start":{"line":32,"column":19},"end":{"line":32,"column":20}},"loc":{"start":{"line":32,"column":25},"end":{"line":35,"column":3}},"line":32}},"branchMap":{"0":{"loc":{"start":{"line":29,"column":13},"end":{"line":29,"column":37}},"type":"binary-expr","locations":[{"start":{"line":29,"column":13},"end":{"line":29,"column":29}},{"start":{"line":29,"column":33},"end":{"line":29,"column":37}}],"line":29},"1":{"loc":{"start":{"line":31,"column":0},"end":{"line":36,"column":1}},"type":"if","locations":[{"start":{"line":31,"column":0},"end":{"line":36,"column":1}},{"start":{},"end":{}}],"line":31}},"s":{"0":1,"1":1,"2":1,"3":1,"4":1,"5":5,"6":5,"7":5,"8":5,"9":1,"10":1,"11":0,"12":1,"13":1,"14":0,"15":0,"16":0,"17":1},"f":{"0":5,"1":0,"2":0},"b":{"0":[1,1],"1":[0,1]},"_coverageSchema":"1a1c01bbd47fc00a2c39e90264f33305004495a9","hash":"c15a716581c44e7c9db51caca6d982f8cee1b761"}
,"C:\\Users\\arafe\\Desktop\\health-endpoint-project\\src\\controllers\\healthController.js": {"path":"C:\\Users\\arafe\\Desktop\\health-endpoint-project\\src\\controllers\\healthController.js","statementMap":{"0":{"start":{"line":3,"column":4},"end":{"line":22,"column":5}},"1":{"start":{"line":4,"column":25},"end":{"line":9,"column":7}},"2":{"start":{"line":11,"column":6},"end":{"line":11,"column":72}},"3":{"start":{"line":12,"column":6},"end":{"line":12,"column":46}},"4":{"start":{"line":15,"column":6},"end":{"line":15,"column":53}},"5":{"start":{"line":17,"column":6},"end":{"line":21,"column":9}},"6":{"start":{"line":26,"column":0},"end":{"line":26,"column":34}}},"fnMap":{"0":{"name":"(anonymous_0)","decl":{"start":{"line":2,"column":2},"end":{"line":2,"column":3}},"loc":{"start":{"line":2,"column":31},"end":{"line":23,"column":3}},"line":2}},"branchMap":{},"s":{"0":5,"1":5,"2":5,"3":5,"4":0,"5":0,"6":1},"f":{"0":5},"b":{},"_coverageSchema":"1a1c01bbd47fc00a2c39e90264f33305004495a9","hash":"fbd84610c872f643466cc2c1ec9939846302901a"}
,"C:\\Users\\arafe\\Desktop\\health-endpoint-project\\src\\routes\\health.js": {"path":"C:\\Users\\arafe\\Desktop\\health-endpoint-project\\src\\routes\\health.js","statementMap":{"0":{"start":{"line":1,"column":16},"end":{"line":1,"column":34}},"1":{"start":{"line":2,"column":25},"end":{"line":2,"column":67}},"2":{"start":{"line":4,"column":15},"end":{"line":4,"column":31}},"3":{"start":{"line":6,"column":0},"end":{"line":6,"column":52}},"4":{"start":{"line":8,"column":0},"end":{"line":8,"column":24}}},"fnMap":{},"branchMap":{},"s":{"0":1,"1":1,"2":1,"3":1,"4":1},"f":{},"b":{},"_coverageSchema":"1a1c01bbd47fc00a2c39e90264f33305004495a9","hash":"28196c00e41925a73eb85dd62eaa357b5779c113"}
}
