TN:
SF:src\app.js
FN:8,(anonymous_0)
FN:19,(anonymous_1)
FN:32,(anonymous_2)
FNF:3
FNH:1
FNDA:5,(anonymous_0)
FNDA:0,(anonymous_1)
FNDA:0,(anonymous_2)
DA:1,1
DA:2,1
DA:4,1
DA:5,1
DA:8,1
DA:9,5
DA:10,5
DA:11,5
DA:12,5
DA:16,1
DA:19,1
DA:20,0
DA:29,1
DA:31,1
DA:32,0
DA:33,0
DA:34,0
DA:38,1
LF:18
LH:14
BRDA:29,0,0,1
BRDA:29,0,1,1
BRDA:31,1,0,0
BRDA:31,1,1,1
BRF:4
BRH:3
end_of_record
TN:
SF:src\controllers\healthController.js
FN:2,(anonymous_0)
FNF:1
FNH:1
FNDA:5,(anonymous_0)
DA:3,5
DA:4,5
DA:11,5
DA:12,5
DA:15,0
DA:17,0
DA:26,1
LF:7
LH:5
BRF:0
BRH:0
end_of_record
TN:
SF:src\routes\health.js
FNF:0
FNH:0
DA:1,1
DA:2,1
DA:4,1
DA:6,1
DA:8,1
LF:5
LH:5
BRF:0
BRH:0
end_of_record
